app/build/intermediates/manifest_merge_blame_file/debug/processDebugMainManifest/manifest-merger-blame-debug-report.txt
1<?xml version="1.0" encoding="utf-8"?>
2<manifest xmlns:android="http://schemas.android.com/apk/res/android"
3    package="com.example.neighbourhoodbartersystem"
4    android:versionCode="1"
5    android:versionName="1.0" >
6
7    <uses-sdk
8        android:minSdkVersion="24"
9        android:targetSdkVersion="35" />
10
11    <uses-feature
11-->src\main\AndroidManifest.xml:5:5-7:36
12        android:name="android.hardware.camera"
12-->src\main\AndroidManifest.xml:6:9-47
13        android:required="false" />
13-->src\main\AndroidManifest.xml:7:9-33
14
15    <uses-permission android:name="android.permission.INTERNET" />
15-->src\main\AndroidManifest.xml:9:5-66
15-->src\main\AndroidManifest.xml:9:22-64
16    <uses-permission android:name="android.permission.ACCESS_FINE_LOCATION" />
16-->src\main\AndroidManifest.xml:10:5-78
16-->src\main\AndroidManifest.xml:10:22-76
17    <uses-permission android:name="android.permission.ACCESS_COARSE_LOCATION" />
17-->src\main\AndroidManifest.xml:11:5-80
17-->src\main\AndroidManifest.xml:11:22-78
18    <uses-permission android:name="android.permission.CAMERA" />
18-->src\main\AndroidManifest.xml:12:5-64
18-->src\main\AndroidManifest.xml:12:22-62
19    <uses-permission android:name="android.permission.POST_NOTIFICATIONS" />
19-->src\main\AndroidManifest.xml:13:5-77
19-->src\main\AndroidManifest.xml:13:22-74
20    <uses-permission android:name="android.permission.READ_EXTERNAL_STORAGE" />
20-->src\main\AndroidManifest.xml:14:5-79
20-->src\main\AndroidManifest.xml:14:22-77
21    <uses-permission android:name="android.permission.WRITE_EXTERNAL_STORAGE" />
21-->src\main\AndroidManifest.xml:15:5-80
21-->src\main\AndroidManifest.xml:15:22-78
22    <uses-permission android:name="android.permission.READ_MEDIA_IMAGES" />
22-->src\main\AndroidManifest.xml:16:5-76
22-->src\main\AndroidManifest.xml:16:22-73
23
24    <!-- Include required permissions for Google Maps API to run. -->
25    <uses-permission android:name="android.permission.ACCESS_NETWORK_STATE" />
25-->[com.google.android.gms:play-services-maps:19.1.0] AndroidManifest.xml:20:5-78
25-->[com.google.android.gms:play-services-maps:19.1.0] AndroidManifest.xml:20:22-76
26
27    <uses-feature
27-->[com.google.android.gms:play-services-maps:19.1.0] AndroidManifest.xml:22:5-24:33
28        android:glEsVersion="0x00020000"
28-->[com.google.android.gms:play-services-maps:19.1.0] AndroidManifest.xml:23:8-40
29        android:required="true" />
29-->[com.google.android.gms:play-services-maps:19.1.0] AndroidManifest.xml:24:8-31
30
31    <queries>
31-->[com.google.android.gms:play-services-maps:19.1.0] AndroidManifest.xml:27:5-30:15
32
33        <!-- Needs to be explicitly declared on Android R+ -->
34        <package android:name="com.google.android.apps.maps" />
34-->[com.google.android.gms:play-services-maps:19.1.0] AndroidManifest.xml:29:7-61
34-->[com.google.android.gms:play-services-maps:19.1.0] AndroidManifest.xml:29:16-59
35    </queries>
36
37    <permission
37-->[androidx.core:core:1.13.0] AndroidManifest.xml:22:5-24:47
38        android:name="com.example.neighbourhoodbartersystem.DYNAMIC_RECEIVER_NOT_EXPORTED_PERMISSION"
38-->[androidx.core:core:1.13.0] AndroidManifest.xml:23:9-81
39        android:protectionLevel="signature" />
39-->[androidx.core:core:1.13.0] AndroidManifest.xml:24:9-44
40
41    <uses-permission android:name="com.example.neighbourhoodbartersystem.DYNAMIC_RECEIVER_NOT_EXPORTED_PERMISSION" />
41-->[androidx.core:core:1.13.0] AndroidManifest.xml:26:5-97
41-->[androidx.core:core:1.13.0] AndroidManifest.xml:26:22-94
42
43    <application
43-->src\main\AndroidManifest.xml:19:5-91:15
44        android:allowBackup="true"
44-->src\main\AndroidManifest.xml:20:9-35
45        android:appComponentFactory="androidx.core.app.CoreComponentFactory"
45-->[androidx.core:core:1.13.0] AndroidManifest.xml:28:18-86
46        android:dataExtractionRules="@xml/data_extraction_rules"
46-->src\main\AndroidManifest.xml:21:9-65
47        android:debuggable="true"
48        android:extractNativeLibs="false"
49        android:fullBackupContent="@xml/backup_rules"
49-->src\main\AndroidManifest.xml:22:9-54
50        android:icon="@mipmap/ic_launcher"
50-->src\main\AndroidManifest.xml:23:9-43
51        android:label="@string/app_name"
51-->src\main\AndroidManifest.xml:24:9-41
52        android:roundIcon="@mipmap/ic_launcher_round"
52-->src\main\AndroidManifest.xml:25:9-54
53        android:supportsRtl="true"
53-->src\main\AndroidManifest.xml:26:9-35
54        android:testOnly="true"
55        android:theme="@style/Theme.NeighbourhoodBarterSystem" >
55-->src\main\AndroidManifest.xml:27:9-63
56        <activity
56-->src\main\AndroidManifest.xml:29:9-38:20
57            android:name="com.example.neighbourhoodbartersystem.MainActivity"
57-->src\main\AndroidManifest.xml:30:13-41
58            android:exported="true" >
58-->src\main\AndroidManifest.xml:31:13-36
59            <intent-filter>
59-->src\main\AndroidManifest.xml:32:13-37:29
60                <action android:name="android.intent.action.MAIN" />
60-->src\main\AndroidManifest.xml:33:17-69
60-->src\main\AndroidManifest.xml:33:25-66
61
62                <category android:name="android.intent.category.LAUNCHER" />
62-->src\main\AndroidManifest.xml:36:17-77
62-->src\main\AndroidManifest.xml:36:27-74
63            </intent-filter>
64        </activity>
65        <activity
65-->src\main\AndroidManifest.xml:39:9-47:20
66            android:name="com.example.neighbourhoodbartersystem.AddNewProduct"
66-->src\main\AndroidManifest.xml:39:19-48
67            android:exported="true" >
67-->src\main\AndroidManifest.xml:40:13-36
68            <intent-filter>
68-->src\main\AndroidManifest.xml:32:13-37:29
69                <action android:name="android.intent.action.MAIN" />
69-->src\main\AndroidManifest.xml:33:17-69
69-->src\main\AndroidManifest.xml:33:25-66
70
71                <category android:name="android.intent.category.LAUNCHER" />
71-->src\main\AndroidManifest.xml:36:17-77
71-->src\main\AndroidManifest.xml:36:27-74
72            </intent-filter>
73        </activity>
74        <activity android:name="com.example.neighbourhoodbartersystem.ExchangeActivity" />
74-->src\main\AndroidManifest.xml:48:9-54
74-->src\main\AndroidManifest.xml:48:19-51
75        <activity android:name="com.example.neighbourhoodbartersystem.OngoingActivity" />
75-->src\main\AndroidManifest.xml:49:9-53
75-->src\main\AndroidManifest.xml:49:19-50
76        <activity android:name="com.example.neighbourhoodbartersystem.YourItemsActivity" />
76-->src\main\AndroidManifest.xml:50:9-55
76-->src\main\AndroidManifest.xml:50:19-52
77        <activity android:name="com.example.neighbourhoodbartersystem.LoginActivity" />
77-->src\main\AndroidManifest.xml:51:9-51
77-->src\main\AndroidManifest.xml:51:19-48
78        <activity
78-->src\main\AndroidManifest.xml:52:9-60:20
79            android:name="com.example.neighbourhoodbartersystem.ProfileActivity"
79-->src\main\AndroidManifest.xml:52:19-87
80            android:exported="true" >
80-->src\main\AndroidManifest.xml:53:13-36
81            <intent-filter>
81-->src\main\AndroidManifest.xml:32:13-37:29
82                <action android:name="android.intent.action.MAIN" />
82-->src\main\AndroidManifest.xml:33:17-69
82-->src\main\AndroidManifest.xml:33:25-66
83
84                <category android:name="android.intent.category.LAUNCHER" />
84-->src\main\AndroidManifest.xml:36:17-77
84-->src\main\AndroidManifest.xml:36:27-74
85            </intent-filter>
86        </activity>
87        <activity
87-->src\main\AndroidManifest.xml:61:9-69:20
88            android:name="com.example.neighbourhoodbartersystem.SettingsActivity"
88-->src\main\AndroidManifest.xml:61:19-88
89            android:exported="true" >
89-->src\main\AndroidManifest.xml:62:13-36
90            <intent-filter>
90-->src\main\AndroidManifest.xml:32:13-37:29
91                <action android:name="android.intent.action.MAIN" />
91-->src\main\AndroidManifest.xml:33:17-69
91-->src\main\AndroidManifest.xml:33:25-66
92
93                <category android:name="android.intent.category.LAUNCHER" />
93-->src\main\AndroidManifest.xml:36:17-77
93-->src\main\AndroidManifest.xml:36:27-74
94            </intent-filter>
95        </activity>
96
97        <meta-data
97-->src\main\AndroidManifest.xml:74:9-76:57
98            android:name="preloaded_fonts"
98-->src\main\AndroidManifest.xml:75:13-43
99            android:resource="@array/preloaded_fonts" />
99-->src\main\AndroidManifest.xml:76:13-54
100        <meta-data
100-->src\main\AndroidManifest.xml:77:9-79:48
101            android:name="com.google.android.geo.API_KEY"
101-->src\main\AndroidManifest.xml:78:13-58
102            android:value="YOUR_API_KEY_HERE" />
102-->src\main\AndroidManifest.xml:79:13-46
103
104        <provider
104-->src\main\AndroidManifest.xml:81:9-89:20
105            android:name="androidx.core.content.FileProvider"
105-->src\main\AndroidManifest.xml:82:13-62
106            android:authorities="com.example.neighbourhoodbartersystem.provider"
106-->src\main\AndroidManifest.xml:83:13-81
107            android:exported="false"
107-->src\main\AndroidManifest.xml:85:13-37
108            android:grantUriPermissions="true" >
108-->src\main\AndroidManifest.xml:84:13-47
109            <meta-data
109-->src\main\AndroidManifest.xml:86:13-88:53
110                android:name="android.support.FILE_PROVIDER_PATHS"
110-->src\main\AndroidManifest.xml:87:17-67
111                android:resource="@xml/file_paths" />
111-->src\main\AndroidManifest.xml:88:17-51
112        </provider>
113
114        <!-- Needs to be explicitly declared on P+ -->
115        <uses-library
115-->[com.google.android.gms:play-services-maps:19.1.0] AndroidManifest.xml:33:7-86
116            android:name="org.apache.http.legacy"
116-->[com.google.android.gms:play-services-maps:19.1.0] AndroidManifest.xml:33:21-58
117            android:required="false" />
117-->[com.google.android.gms:play-services-maps:19.1.0] AndroidManifest.xml:33:59-83
118
119        <activity
119-->[com.google.android.gms:play-services-base:18.5.0] AndroidManifest.xml:5:9-173
120            android:name="com.google.android.gms.common.api.GoogleApiActivity"
120-->[com.google.android.gms:play-services-base:18.5.0] AndroidManifest.xml:5:19-85
121            android:exported="false"
121-->[com.google.android.gms:play-services-base:18.5.0] AndroidManifest.xml:5:146-170
122            android:theme="@android:style/Theme.Translucent.NoTitleBar" />
122-->[com.google.android.gms:play-services-base:18.5.0] AndroidManifest.xml:5:86-145
123
124        <meta-data
124-->[com.google.android.gms:play-services-basement:18.4.0] AndroidManifest.xml:6:9-122
125            android:name="com.google.android.gms.version"
125-->[com.google.android.gms:play-services-basement:18.4.0] AndroidManifest.xml:6:20-65
126            android:value="@integer/google_play_services_version" />
126-->[com.google.android.gms:play-services-basement:18.4.0] AndroidManifest.xml:6:66-119
127
128        <provider
128-->[androidx.emoji2:emoji2:1.3.0] AndroidManifest.xml:24:9-32:20
129            android:name="androidx.startup.InitializationProvider"
129-->[androidx.emoji2:emoji2:1.3.0] AndroidManifest.xml:25:13-67
130            android:authorities="com.example.neighbourhoodbartersystem.androidx-startup"
130-->[androidx.emoji2:emoji2:1.3.0] AndroidManifest.xml:26:13-68
131            android:exported="false" >
131-->[androidx.emoji2:emoji2:1.3.0] AndroidManifest.xml:27:13-37
132            <meta-data
132-->[androidx.emoji2:emoji2:1.3.0] AndroidManifest.xml:29:13-31:52
133                android:name="androidx.emoji2.text.EmojiCompatInitializer"
133-->[androidx.emoji2:emoji2:1.3.0] AndroidManifest.xml:30:17-75
134                android:value="androidx.startup" />
134-->[androidx.emoji2:emoji2:1.3.0] AndroidManifest.xml:31:17-49
135            <meta-data
135-->[androidx.lifecycle:lifecycle-process:2.6.2] AndroidManifest.xml:29:13-31:52
136                android:name="androidx.lifecycle.ProcessLifecycleInitializer"
136-->[androidx.lifecycle:lifecycle-process:2.6.2] AndroidManifest.xml:30:17-78
137                android:value="androidx.startup" />
137-->[androidx.lifecycle:lifecycle-process:2.6.2] AndroidManifest.xml:31:17-49
138            <meta-data
138-->[androidx.profileinstaller:profileinstaller:1.4.0] AndroidManifest.xml:29:13-31:52
139                android:name="androidx.profileinstaller.ProfileInstallerInitializer"
139-->[androidx.profileinstaller:profileinstaller:1.4.0] AndroidManifest.xml:30:17-85
140                android:value="androidx.startup" />
140-->[androidx.profileinstaller:profileinstaller:1.4.0] AndroidManifest.xml:31:17-49
141        </provider>
142
143        <receiver
143-->[androidx.profileinstaller:profileinstaller:1.4.0] AndroidManifest.xml:34:9-52:20
144            android:name="androidx.profileinstaller.ProfileInstallReceiver"
144-->[androidx.profileinstaller:profileinstaller:1.4.0] AndroidManifest.xml:35:13-76
145            android:directBootAware="false"
145-->[androidx.profileinstaller:profileinstaller:1.4.0] AndroidManifest.xml:36:13-44
146            android:enabled="true"
146-->[androidx.profileinstaller:profileinstaller:1.4.0] AndroidManifest.xml:37:13-35
147            android:exported="true"
147-->[androidx.profileinstaller:profileinstaller:1.4.0] AndroidManifest.xml:38:13-36
148            android:permission="android.permission.DUMP" >
148-->[androidx.profileinstaller:profileinstaller:1.4.0] AndroidManifest.xml:39:13-57
149            <intent-filter>
149-->[androidx.profileinstaller:profileinstaller:1.4.0] AndroidManifest.xml:40:13-42:29
150                <action android:name="androidx.profileinstaller.action.INSTALL_PROFILE" />
150-->[androidx.profileinstaller:profileinstaller:1.4.0] AndroidManifest.xml:41:17-91
150-->[androidx.profileinstaller:profileinstaller:1.4.0] AndroidManifest.xml:41:25-88
151            </intent-filter>
152            <intent-filter>
152-->[androidx.profileinstaller:profileinstaller:1.4.0] AndroidManifest.xml:43:13-45:29
153                <action android:name="androidx.profileinstaller.action.SKIP_FILE" />
153-->[androidx.profileinstaller:profileinstaller:1.4.0] AndroidManifest.xml:44:17-85
153-->[androidx.profileinstaller:profileinstaller:1.4.0] AndroidManifest.xml:44:25-82
154            </intent-filter>
155            <intent-filter>
155-->[androidx.profileinstaller:profileinstaller:1.4.0] AndroidManifest.xml:46:13-48:29
156                <action android:name="androidx.profileinstaller.action.SAVE_PROFILE" />
156-->[androidx.profileinstaller:profileinstaller:1.4.0] AndroidManifest.xml:47:17-88
156-->[androidx.profileinstaller:profileinstaller:1.4.0] AndroidManifest.xml:47:25-85
157            </intent-filter>
158            <intent-filter>
158-->[androidx.profileinstaller:profileinstaller:1.4.0] AndroidManifest.xml:49:13-51:29
159                <action android:name="androidx.profileinstaller.action.BENCHMARK_OPERATION" />
159-->[androidx.profileinstaller:profileinstaller:1.4.0] AndroidManifest.xml:50:17-95
159-->[androidx.profileinstaller:profileinstaller:1.4.0] AndroidManifest.xml:50:25-92
160            </intent-filter>
161        </receiver>
162    </application>
163
164</manifest>